15:31:29.331 [main] INFO  IcontentTestCases.TC_003_ProfessionalSignUp - Starting of the test cases
15:32:07.137 [main] INFO  IcontentTestCases.TC_003_ProfessionalSignUp - test failed
15:33:34.230 [main] INFO  IcontentTestCases.TC_001_Login - Starting of the testcases....
15:40:51.325 [main] INFO  IcontentTestCases.TC_003_ProfessionalSignUp - Starting of the test cases
15:41:55.109 [main] INFO  IcontentTestCases.TC_003_ProfessionalSignUp - Starting of the test cases
15:43:39.443 [main] INFO  IcontentTestCases.TC_003_ProfessionalSignUp - Starting of the test cases
15:53:16.583 [main] INFO  IcontentTestCases.TC_003_ProfessionalSignUp - Starting of the test cases
16:03:16.617 [main] INFO  IcontentTestCases.TC_005_Professionalsignupwithcode - Starting of the test cases
16:04:41.084 [main] INFO  IcontentTestCases.TC_005_Professionalsignupwithcode - Starting of the test cases
12:04:26.174 [main] INFO  IcontentTestCases.TC_001_Login - Starting of the testcases....
12:04:31.260 [main] ERROR IcontentTestCases.TC_001_Login - test failled....
12:05:14.556 [main] INFO  IcontentTestCases.TC_001_Login - Starting of the testcases....
12:05:24.632 [main] ERROR IcontentTestCases.TC_001_Login - test failled....
12:16:47.796 [main] INFO  IcontentTestCases.TC_001_Login - Starting of the testcases....
12:23:48.489 [main] INFO  IcontentTestCases.TC_001_Login - Starting of the testcases....
00:23:50.273 [main] INFO  IcontentTestCases.TC_005_Professionalsignupwithcode - Starting of the test cases
00:24:27.364 [main] INFO  IcontentTestCases.TC_005_Professionalsignupwithcode - test failed
00:24:44.704 [main] INFO  IcontentTestCases.TC_005_Professionalsignupwithcode - Starting of the test cases
00:27:11.135 [main] INFO  IcontentTestCases.TC_005_Professionalsignupwithcode - Starting of the test cases
11:22:24.002 [main] INFO  IcontentTestCases.TC_003_ProfessionalSignUp - Starting of the test cases
11:24:10.501 [main] INFO  IcontentTestCases.TC_003_ProfessionalSignUp - Starting of the test cases
12:46:41.114 [main] INFO  IcontentTestCases.TC_003_ProfessionalSignUp - Starting of the test cases
12:58:52.261 [main] INFO  IcontentTestCases.TC_005_Professionalsignupwithcode - Starting of the test cases
15:32:24.354 [main] INFO  IcontentTestCases.TC_005_Professionalsignupwithcode - Starting of the test cases
16:03:04.803 [main] INFO  IcontentTestCases.TC_005_Professionalsignupwithcode - Starting of the test cases
16:51:36.657 [main] INFO  IcontentTestCases.TC_005_Professionalsignupwithcode - Starting of the test cases
18:44:25.266 [main] INFO  IcontentTestCases.TC_005_Professionalsignupwithcode - Starting of the test cases
20:16:51.000 [main] INFO  IcontentTestCases.TC_005_Professionalsignupwithcode - Starting of the test cases
21:34:42.403 [main] INFO  IcontentTestCases.TC_005_Professionalsignupwithcode - Starting of the test cases
13:31:26.232 [main] INFO  IcontentTestCases.TC_005_Professionalsignupwithcode - Starting of the test cases
13:33:58.608 [main] INFO  IcontentTestCases.TC_005_Professionalsignupwithcode - Starting of the test cases
13:38:40.386 [main] INFO  IcontentTestCases.TC_005_Professionalsignupwithcode - Starting of the test cases
13:58:34.230 [main] INFO  IcontentTestCases.TC_005_Professionalsignupwithcode - Starting of the test cases
16:33:37.414 [main] INFO  IcontentTestCases.TC_003_ProfessionalSignUp - Starting of the test cases
16:41:44.490 [main] INFO  IcontentTestCases.TC_003_ProfessionalSignUp - Starting of the test cases
16:50:19.441 [main] INFO  IcontentTestCases.TC_003_ProfessionalSignUp - Starting of the test cases
